TN:
SF:/Users/avastmick/repos/cv-check/src/cli/mod.rs
FN:30,CvGenerator::new
FN:40,CvGenerator::build
FN:90,CvGenerator::new_cv
FN:101,CvGenerator::new_letter
FN:108,CvGenerator::list_themes
FN:152,CvGenerator::check
FN:159,CvGenerator::serve
FN:169,CvGenerator::open_file
FNF:8
FNDA:16,CvGenerator::new
FNDA:7,CvGenerator::build
FNDA:2,CvGenerator::new_cv
FNDA:2,CvGenerator::new_letter
FNDA:6,CvGenerator::list_themes
FNDA:3,CvGenerator::check
FNDA:2,CvGenerator::serve
FNDA:0,CvGenerator::open_file
DA:30,16
DA:31,32
DA:32,0
DA:40,7
DA:42,14
DA:43,0
DA:46,12
DA:49,4
DA:50,0
DA:52,2
DA:53,2
DA:55,6
DA:57,4
DA:58,5
DA:59,1
DA:61,2
DA:65,6
DA:66,0
DA:70,12
DA:71,0
DA:73,6
DA:74,1
DA:78,5
DA:79,0
DA:82,5
DA:90,2
DA:91,2
DA:92,2
DA:93,2
DA:101,2
DA:102,2
DA:103,2
DA:104,2
DA:108,6
DA:109,6
DA:111,6
DA:112,4
DA:113,28
DA:114,0
DA:115,0
DA:116,0
DA:117,0
DA:118,4
DA:119,12
DA:120,8
DA:121,0
DA:125,6
DA:126,2
DA:130,6
DA:131,4
DA:132,28
DA:133,0
DA:134,0
DA:135,0
DA:136,0
DA:137,4
DA:138,12
DA:139,8
DA:140,0
DA:152,3
DA:153,6
DA:154,0
DA:155,2
DA:159,2
DA:161,2
DA:169,0
DA:172,0
DA:187,0
LF:68
LH:48
end_of_record
TN:
SF:/Users/avastmick/repos/cv-check/src/config.rs
FN:60,<impl Default for LayoutOptions>::default
FN:70,<impl Default for Margins>::default
FN:82,default_font_theme
FN:86,default_color_theme
FN:101,<impl Default for GlobalConfig>::default
FN:119,GlobalConfig::load
FNF:6
FNDA:52,<impl Default for LayoutOptions>::default
FNDA:53,<impl Default for Margins>::default
FNDA:5,default_font_theme
FNDA:5,default_color_theme
FNDA:18,<impl Default for GlobalConfig>::default
FNDA:17,GlobalConfig::load
DA:60,52
DA:63,52
DA:70,53
DA:82,5
DA:83,5
DA:86,5
DA:87,5
DA:101,18
DA:103,18
DA:104,18
DA:105,18
DA:107,18
DA:108,18
DA:119,17
DA:120,34
DA:121,0
DA:122,0
DA:123,0
DA:124,0
DA:125,0
DA:128,17
LF:21
LH:16
end_of_record
TN:
SF:/Users/avastmick/repos/cv-check/src/constants.rs
FN:19,markdown_options
FNF:1
FNDA:83,markdown_options
DA:19,83
DA:22,83
DA:23,83
DA:24,83
DA:25,83
DA:26,83
DA:27,83
LF:7
LH:7
end_of_record
TN:
SF:/Users/avastmick/repos/cv-check/src/parser/frontmatter.rs
FN:11,parse_frontmatter
FNF:1
FNDA:36,parse_frontmatter
DA:11,36
DA:12,36
DA:15,72
DA:16,3
DA:17,3
DA:19,3
DA:23,33
DA:24,394
DA:25,394
DA:26,31
DA:27,31
DA:31,33
DA:32,2
DA:39,29
DA:40,2
DA:41,2
LF:16
LH:16
end_of_record
TN:
SF:/Users/avastmick/repos/cv-check/src/parser/markdown.rs
FN:6,parse_markdown
FNF:1
FNDA:44,parse_markdown
DA:6,44
DA:7,44
DA:10,44
DA:11,44
LF:4
LH:4
end_of_record
TN:
SF:/Users/avastmick/repos/cv-check/src/parser/mod.rs
FN:22,Document::from_file
FN:34,Document::from_string
FN:50,Document::validate
FNF:3
FNDA:16,Document::from_file
FNDA:27,Document::from_string
FNDA:9,Document::validate
DA:22,16
DA:23,15
DA:24,34
DA:26,0
DA:34,27
DA:35,54
DA:36,0
DA:38,0
DA:39,0
DA:40,0
DA:41,0
DA:50,9
DA:52,9
DA:53,1
DA:54,1
DA:55,1
DA:57,1
DA:60,8
DA:61,0
DA:62,0
DA:63,0
DA:65,0
DA:68,8
LF:23
LH:13
end_of_record
TN:
SF:/Users/avastmick/repos/cv-check/src/render/docx.rs
FN:17,DocxRenderer::new
FN:26,<impl RenderEngine for DocxRenderer>::render
FNF:2
FNDA:5,DocxRenderer::new
FNDA:2,<impl RenderEngine for DocxRenderer>::render
DA:17,5
DA:18,10
DA:19,0
DA:20,0
DA:26,2
DA:29,2
DA:30,2
LF:7
LH:5
end_of_record
TN:
SF:/Users/avastmick/repos/cv-check/src/render/html.rs
FN:18,HtmlRenderer::new
FN:25,HtmlRenderer::generate_html
FN:125,<impl RenderEngine for HtmlRenderer>::render
FNF:3
FNDA:5,HtmlRenderer::new
FNDA:2,HtmlRenderer::generate_html
FNDA:2,<impl RenderEngine for HtmlRenderer>::render
DA:18,5
DA:19,10
DA:20,0
DA:21,0
DA:25,2
DA:26,2
DA:27,2
DA:30,2
DA:101,2
DA:102,2
DA:103,2
DA:104,2
DA:105,2
DA:106,2
DA:107,2
DA:108,2
DA:109,2
DA:110,2
DA:111,2
DA:112,2
DA:113,2
DA:114,4
DA:115,0
DA:117,0
DA:125,2
DA:126,2
DA:127,2
DA:128,2
LF:28
LH:24
end_of_record
TN:
SF:/Users/avastmick/repos/cv-check/src/render/mod.rs
FN:16,load_template
FN:43,Renderer::new
FN:64,Renderer::render
FNF:3
FNDA:51,load_template
FNDA:13,Renderer::new
FNDA:8,Renderer::render
DA:16,51
DA:17,57
DA:18,2
DA:20,45
DA:43,13
DA:44,24
DA:45,20
DA:46,8
DA:47,6
DA:49,2
DA:50,2
DA:52,2
DA:56,0
DA:64,8
DA:65,8
LF:15
LH:14
end_of_record
TN:
SF:/Users/avastmick/repos/cv-check/src/render/pdf.rs
FN:21,RenderContext::new
FN:36,PdfRenderer::new
FN:41,PdfRenderer::generate_typst_source
FN:176,PdfRenderer::render_markdown_as_typst
FN:203,PdfRenderer::handle_start_tag
FN:265,PdfRenderer::handle_end_tag
FN:312,PdfRenderer::handle_text
FN:322,<impl RenderEngine for PdfRenderer>::render
FNF:8
FNDA:39,RenderContext::new
FNDA:41,PdfRenderer::new
FNDA:38,PdfRenderer::generate_typst_source
FNDA:39,PdfRenderer::render_markdown_as_typst
FNDA:1131,PdfRenderer::handle_start_tag
FNDA:1131,PdfRenderer::handle_end_tag
FNDA:1095,PdfRenderer::handle_text
FNDA:26,<impl RenderEngine for PdfRenderer>::render
DA:21,39
DA:36,41
DA:37,82
DA:41,38
DA:42,39
DA:48,37
DA:51,37
DA:52,37
DA:54,37
DA:56,37
DA:57,37
DA:62,74
DA:63,39
DA:64,37
DA:65,33
DA:69,37
DA:70,37
DA:72,37
DA:73,37
DA:77,37
DA:78,37
DA:79,37
DA:81,37
DA:85,70
DA:90,37
DA:93,37
DA:94,37
DA:97,70
DA:102,37
DA:103,37
DA:104,37
DA:108,64
DA:115,64
DA:122,64
DA:128,37
DA:129,37
DA:131,37
DA:132,37
DA:135,38
DA:139,1
DA:143,1
DA:147,1
DA:150,2
DA:159,1
DA:163,1
DA:170,37
DA:171,37
DA:173,37
DA:176,39
DA:180,39
DA:181,39
DA:182,39
DA:184,6853
DA:186,1131
DA:187,1131
DA:188,1095
DA:189,0
DA:190,0
DA:192,50
DA:193,50
DA:195,0
DA:196,0
DA:198,0
DA:203,1131
DA:210,1131
DA:211,284
DA:212,284
DA:213,284
DA:214,284
DA:215,203
DA:216,203
DA:217,203
DA:218,203
DA:220,79
DA:221,79
DA:222,79
DA:223,79
DA:225,2
DA:226,2
DA:227,2
DA:228,2
DA:233,440
DA:234,220
DA:238,93
DA:239,185
DA:240,92
DA:243,303
DA:244,303
DA:246,231
DA:247,231
DA:249,0
DA:250,0
DA:252,0
DA:253,0
DA:255,0
DA:256,0
DA:258,0
DA:259,0
DA:261,0
DA:265,1131
DA:273,1131
DA:275,284
DA:276,284
DA:277,568
DA:278,203
DA:279,203
DA:281,203
DA:284,284
DA:285,284
DA:289,440
DA:290,220
DA:294,93
DA:295,185
DA:296,92
DA:299,231
DA:300,231
DA:302,0
DA:303,0
DA:305,0
DA:306,0
DA:308,303
DA:312,1095
DA:313,1095
DA:317,1095
DA:322,26
DA:324,26
DA:325,0
DA:326,0
DA:327,0
DA:328,0
DA:329,0
DA:330,0
DA:335,26
DA:338,26
DA:339,0
DA:344,26
DA:345,26
DA:346,0
DA:348,0
DA:352,0
DA:353,26
DA:356,0
DA:357,0
DA:360,26
DA:361,26
DA:364,0
DA:365,0
DA:366,0
DA:367,0
DA:368,0
DA:370,26
DA:371,26
DA:372,26
DA:373,26
DA:376,52
DA:378,0
DA:379,0
DA:380,0
DA:383,26
LF:159
LH:121
end_of_record
TN:
SF:/Users/avastmick/repos/cv-check/src/themes/color.rs
FN:24,ColorTheme::load
FN:37,ColorTheme::classic
FN:50,ColorTheme::modern
FN:63,ColorTheme::sharp
FN:78,ColorTheme::to_typst_rgb
FNF:5
FNDA:51,ColorTheme::load
FNDA:9,ColorTheme::classic
FNDA:38,ColorTheme::modern
FNDA:2,ColorTheme::sharp
FNDA:246,ColorTheme::to_typst_rgb
DA:24,51
DA:25,51
DA:26,60
DA:27,80
DA:28,6
DA:29,2
DA:30,2
DA:31,2
DA:33,2
DA:37,9
DA:39,9
DA:40,9
DA:41,9
DA:42,9
DA:43,9
DA:44,9
DA:45,9
DA:46,9
DA:50,38
DA:52,38
DA:53,38
DA:54,38
DA:55,38
DA:56,38
DA:57,38
DA:58,38
DA:59,38
DA:63,2
DA:65,2
DA:66,2
DA:67,2
DA:68,2
DA:69,2
DA:70,2
DA:71,2
DA:72,2
DA:78,246
DA:79,492
DA:80,248
DA:81,244
DA:82,449
DA:83,76
DA:84,2
DA:85,2
DA:86,2
DA:87,2
DA:88,2
DA:91,246
LF:48
LH:48
end_of_record
TN:
SF:/Users/avastmick/repos/cv-check/src/themes/font.rs
FN:27,FontSpec::new
FN:49,FontTheme::load
FN:62,FontTheme::classic
FN:69,FontTheme::modern
FN:76,FontTheme::sharp
FNF:5
FNDA:94,FontSpec::new
FNDA:49,FontTheme::load
FNDA:2,FontTheme::classic
FNDA:43,FontTheme::modern
FNDA:2,FontTheme::sharp
DA:27,94
DA:29,94
DA:32,94
DA:33,94
DA:34,94
DA:35,94
DA:36,94
DA:38,94
DA:49,49
DA:50,49
DA:51,51
DA:52,90
DA:53,6
DA:54,2
DA:55,2
DA:56,2
DA:58,2
DA:62,2
DA:64,2
DA:65,2
DA:69,43
DA:71,43
DA:72,43
DA:76,2
DA:78,2
DA:79,2
LF:26
LH:26
end_of_record
TN:
SF:/Users/avastmick/repos/cv-check/src/themes/mod.rs
FN:19,Theme::new
FN:28,Theme::available_themes
FNF:2
FNDA:31,Theme::new
FNDA:6,Theme::available_themes
DA:19,31
DA:20,62
DA:21,31
DA:23,0
DA:28,6
DA:30,6
LF:6
LH:5
end_of_record
